<?xml version="1.0" encoding="UTF-8"?>
<!-- Generated by org.testng.reporters.JUnitReportReporter -->
<testsuite hostname="Amits-MacBook-Air.local" failures="0" tests="1" name="com.bankingproject.testclass.TC_LoginTest_003" time="18.556" errors="0" timestamp="2022-04-18T23:18:00 IST" skipped="0">
  <testcase classname="com.bankingproject.testclass.TC_LoginTest_003" name="newCustomerTest" time="18.556"/>
  <system-out/>
</testsuite> <!-- com.bankingproject.testclass.TC_LoginTest_003 -->
