<?xml version="1.0" encoding="UTF-8"?>
<!-- Generated by org.testng.reporters.JUnitReportReporter -->
<testsuite hostname="Amits-MacBook-Air.local" failures="0" tests="1" name="com.bankingproject.testclass.TC_LoginTest_001" time="5.678" errors="0" timestamp="2022-04-13T23:21:09 IST" skipped="0">
  <testcase classname="com.bankingproject.testclass.TC_LoginTest_001" name="loginTest" time="5.678"/>
  <system-out/>
</testsuite> <!-- com.bankingproject.testclass.TC_LoginTest_001 -->
