<?xml version="1.0" encoding="UTF-8"?>
<!-- Generated by org.testng.reporters.JUnitReportReporter -->
<testsuite hostname="Amits-MacBook-Air.local" failures="0" tests="1" name="com.bankingproject.testclass.TC_LoginTest_003" time="16.257" errors="0" timestamp="2022-04-13T23:33:59 IST" skipped="0">
  <testcase classname="com.bankingproject.testclass.TC_LoginTest_003" name="newCustomerTest" time="16.257"/>
  <system-out/>
</testsuite> <!-- com.bankingproject.testclass.TC_LoginTest_003 -->
