<?xml version="1.0" encoding="UTF-8"?>
<!-- Generated by org.testng.reporters.JUnitReportReporter -->
<testsuite hostname="Amits-MacBook-Air.local" failures="0" tests="1" name="com.bankingproject.utilities.Reporting" time="0.013" errors="0" timestamp="2022-04-09T16:25:28 IST" skipped="0">
  <testcase classname="com.bankingproject.utilities.Reporting" name="test" time="0.013"/>
  <system-out/>
</testsuite> <!-- com.bankingproject.utilities.Reporting -->
